<?xml version="1.0" encoding="UTF-8"?>
<!-- Generated by org.testng.reporters.JUnitReportReporter -->
<testsuite hostname="DESKTOP-QD0P0H4" failures="0" tests="3" name="org.testcase.CreateLead" time="15.201" errors="0" timestamp="2021-06-06T17:44:59 EDT" skipped="0">
  <testcase classname="org.testcase.CreateLead" name="runCreateTestLead" time="4.702"/>
  <system-out/>
  <testcase classname="org.testcase.CreateLead" name="runCreateTestLead" time="4.231"/>
  <system-out/>
  <testcase classname="org.testcase.CreateLead" name="runCreateTestLead" time="6.268"/>
  <system-out/>
</testsuite> <!-- org.testcase.CreateLead -->
