<?xml version="1.0" encoding="UTF-8"?>
<!-- Generated by org.testng.reporters.JUnitReportReporter -->
<testsuite hostname="DESKTOP-QD0P0H4" failures="0" tests="1" name="org.testcase.MergeLead" time="13.194" errors="0" timestamp="2021-06-06T01:51:43 EDT" skipped="0">
  <testcase classname="org.testcase.MergeLead" name="runMergeLead" time="13.194"/>
  <system-out/>
</testsuite> <!-- org.testcase.MergeLead -->
