<?xml version="1.0" encoding="UTF-8"?>
<!-- Generated by org.testng.reporters.JUnitReportReporter -->
<testsuite hostname="DESKTOP-QD0P0H4" failures="0" tests="3" name="runner.RunTest" time="25.834" errors="0" timestamp="2021-06-13T01:26:31 EDT" skipped="0">
  <testcase classname="runner.RunTest" name="runScenario" time="18.185"/>
  <system-out/>
  <testcase classname="runner.RunTest" name="runScenario" time="3.747"/>
  <system-out/>
  <testcase classname="runner.RunTest" name="runScenario" time="3.902"/>
  <system-out/>
</testsuite> <!-- runner.RunTest -->
