<?xml version="1.0" encoding="UTF-8"?>
<!-- Generated by org.testng.reporters.JUnitReportReporter -->
<testsuite hostname="DESKTOP-QD0P0H4" failures="0" tests="2" name="org.testcase.EditLead" time="17.923" errors="0" timestamp="2021-06-06T17:44:59 EDT" skipped="0">
  <testcase classname="org.testcase.EditLead" name="runEditLead" time="9.472"/>
  <system-out/>
  <testcase classname="org.testcase.EditLead" name="runEditLead" time="8.451"/>
  <system-out/>
</testsuite> <!-- org.testcase.EditLead -->
