<?xml version="1.0" encoding="UTF-8"?>
<!-- Generated by org.testng.reporters.JUnitReportReporter -->
<testsuite hostname="DESKTOP-QD0P0H4" failures="0" tests="6" name="runner.RunTest" time="56.513" errors="0" timestamp="2021-06-12T22:32:06 EDT" skipped="0">
  <testcase classname="runner.RunTest" name="runScenario" time="2.892"/>
  <system-out/>
  <testcase classname="runner.RunTest" name="runScenario" time="17.090"/>
  <system-out/>
  <testcase classname="runner.RunTest" name="runScenario" time="3.078"/>
  <system-out/>
  <testcase classname="runner.RunTest" name="runScenario" time="14.792"/>
  <system-out/>
  <testcase classname="runner.RunTest" name="runScenario" time="15.433"/>
  <system-out/>
  <testcase classname="runner.RunTest" name="runScenario" time="3.228"/>
  <system-out/>
</testsuite> <!-- runner.RunTest -->
