<?xml version="1.0" encoding="UTF-8"?>
<!-- Generated by org.testng.reporters.JUnitReportReporter -->
<testsuite hostname="DESKTOP-QD0P0H4" failures="0" tests="2" name="org.testcase.DeleteLead" time="17.589" errors="0" timestamp="2021-06-06T17:44:59 EDT" skipped="0">
  <testcase classname="org.testcase.DeleteLead" name="runDeleteLead" time="9.687"/>
  <system-out/>
  <testcase classname="org.testcase.DeleteLead" name="runDeleteLead" time="7.902"/>
  <system-out/>
</testsuite> <!-- org.testcase.DeleteLead -->
