<?xml version="1.0" encoding="UTF-8"?>
<!-- Generated by org.testng.reporters.JUnitReportReporter -->
<testsuite hostname="DESKTOP-QD0P0H4" failures="0" tests="1" name="week5.day1.NewTest" time="0.005" errors="0" timestamp="2021-06-05T22:43:43 EDT" skipped="0">
  <testcase classname="week5.day1.NewTest" name="testCase1" time="0.005"/>
  <system-out/>
</testsuite> <!-- week5.day1.NewTest -->
